#
# A fatal error has been detected by the Java Runtime Environment:
#
#  Internal Error (javaClasses.cpp:136), pid=1072, tid=5292
#  fatal error: Invalid layout of preloaded class
#
# JRE version:  (7.0_51-b13) (build )
# Java VM: Java HotSpot(TM) Client VM (24.51-b03 mixed mode windows-x86 )
# Failed to write core dump. Minidumps are not enabled by default on client versions of Windows
#
# If you would like to submit a bug report, please visit:
#   http://bugreport.sun.com/bugreport/crash.jsp
#

---------------  T H R E A D  ---------------

Current thread (0x004fc400):  JavaThread "Unknown thread" [_thread_in_vm, id=5292, stack(0x00a30000,0x00a80000)]

Stack: [0x00a30000,0x00a80000],  sp=0x00a7f758,  free space=317k
Native frames: (J=compiled Java code, j=interpreted, Vv=VM code, C=native code)
V  [jvm.dll+0x18e0f1]
V  [jvm.dll+0x187e66]
V  [jvm.dll+0x3586a]
V  [jvm.dll+0x358f6]
V  [jvm.dll+0x4400d]
V  [jvm.dll+0x442be]
V  [jvm.dll+0x9263a]
V  [jvm.dll+0x929eb]
V  [jvm.dll+0x13dc51]
V  [jvm.dll+0x16076c]
V  [jvm.dll+0xc8ebf]
C  [javaw.exe+0x13ce]
C  [javaw.exe+0x1e40]
C  [javaw.exe+0xa5b1]
C  [javaw.exe+0xa63b]
C  [kernel32.dll+0x4ed5c]
C  [ntdll.dll+0x637eb]
C  [ntdll.dll+0x637be]


---------------  P R O C E S S  ---------------

Java Threads: ( => current thread )

Other Threads:

=>0x004fc400 (exited) JavaThread "Unknown thread" [_thread_in_vm, id=5292, stack(0x00a30000,0x00a80000)]

VM state:not at safepoint (not fully initialized)

VM Mutex/Monitor currently owned by a thread: None

GC Heap History (0 events):
No events

Deoptimization events (0 events):
No events

Internal exceptions (0 events):
No events

Events (10 events):
Event: 0.192 loading class 0x00948c10 done
Event: 0.193 loading class 0x009486a0 done
Event: 0.193 loading class 0x00948680
Event: 0.193 loading class 0x0094f9a8
Event: 0.193 loading class 0x0094f9a8 done
Event: 0.193 loading class 0x0094f9d8
Event: 0.193 loading class 0x0094f9d8 done
Event: 0.193 loading class 0x0094fa08
Event: 0.193 loading class 0x0094fa08 done
Event: 0.193 loading class 0x00948680 done


Dynamic libraries:
0x00db0000 - 0x00ddf000 	C:\Program Files\Java\jre7\bin\javaw.exe
0x77ab0000 - 0x77bec000 	C:\Windows\SYSTEM32\ntdll.dll
0x77840000 - 0x77914000 	C:\Windows\system32\kernel32.dll
0x75d00000 - 0x75d4b000 	C:\Windows\system32\KERNELBASE.dll
0x760f0000 - 0x76190000 	C:\Windows\system32\ADVAPI32.dll
0x76720000 - 0x767cc000 	C:\Windows\system32\msvcrt.dll
0x768a0000 - 0x768b9000 	C:\Windows\SYSTEM32\sechost.dll
0x75ff0000 - 0x76092000 	C:\Windows\system32\RPCRT4.dll
0x768c0000 - 0x76989000 	C:\Windows\system32\USER32.dll
0x76990000 - 0x769de000 	C:\Windows\system32\GDI32.dll
0x77cd0000 - 0x77cda000 	C:\Windows\system32\LPK.dll
0x76190000 - 0x7622d000 	C:\Windows\system32\USP10.dll
0x74940000 - 0x74ade000 	C:\Windows\WinSxS\x86_microsoft.windows.common-controls_6595b64144ccf1df_6.0.7601.17514_none_41e6975e2bd6f2b2\COMCTL32.dll
0x77a50000 - 0x77aa7000 	C:\Windows\system32\SHLWAPI.dll
0x77630000 - 0x7764f000 	C:\Windows\system32\IMM32.DLL
0x767d0000 - 0x7689c000 	C:\Windows\system32\MSCTF.dll
0x5e8f0000 - 0x5e9af000 	C:\Program Files\Java\jre7\bin\msvcr100.dll
0x5e390000 - 0x5e710000 	C:\Program Files\Java\jre7\bin\client\jvm.dll
0x6d0b0000 - 0x6d0b7000 	C:\Windows\system32\WSOCK32.dll
0x77920000 - 0x77955000 	C:\Windows\system32\WS2_32.dll
0x77bf0000 - 0x77bf6000 	C:\Windows\system32\NSI.dll
0x6db50000 - 0x6db82000 	C:\Windows\system32\WINMM.dll
0x776d0000 - 0x776d5000 	C:\Windows\system32\PSAPI.DLL
0x6c140000 - 0x6c14c000 	C:\Program Files\Java\jre7\bin\verify.dll
0x68060000 - 0x68080000 	C:\Program Files\Java\jre7\bin\java.dll
0x680c0000 - 0x680d3000 	C:\Program Files\Java\jre7\bin\zip.dll
0x637d0000 - 0x638bb000 	C:\Windows\system32\dbghelp.dll

VM Arguments:
jvm_args: -Dfile.encoding=Cp1252 -Xbootclasspath:H:\Android\adt-bundle-windows-x86-20130717\sdk\platforms\android-17\android.jar 
java_command: com.example.bunkmasterfull.Extract
Launcher Type: SUN_STANDARD

Environment Variables:
JAVA_HOME=C:\Program Files\Java\jre7\bin
JRE_HOME=C:\Program Files\Java\jre7\
PATH=C:/Program Files/Java/jre7/bin/client;C:/Program Files/Java/jre7/bin;C:/Program Files/Java/jre7/lib/i386;C:\Windows\system32;C:\Windows;C:\Windows\System32\Wbem;C:\Windows\System32\WindowsPowerShell\v1.0\;C:\Program Files\WIDCOMM\Bluetooth Software\;C:\Android;C:\Program Files\MySQL\MySQL Utilities 1.3.4\;C:\Program Files\Python27\;H:\Android\adt-bundle-windows-x86-20130717\eclipse;
USERNAME=admin
OS=Windows_NT
PROCESSOR_IDENTIFIER=x86 Family 6 Model 37 Stepping 5, GenuineIntel



---------------  S Y S T E M  ---------------

OS: Windows 7 Build 7601 Service Pack 1

CPU:total 4 (2 cores per cpu, 2 threads per core) family 6 model 37 stepping 5, cmov, cx8, fxsr, mmx, sse, sse2, sse3, ssse3, sse4.1, sse4.2, popcnt, ht, tsc, tscinvbit

Memory: 4k page, physical 3070656k(771716k free), swap 6139560k(3054852k free)

vm_info: Java HotSpot(TM) Client VM (24.51-b03) for windows-x86 JRE (1.7.0_51-b13), built on Dec 18 2013 19:09:58 by "java_re" with unknown MS VC++:1600

time: Sat Mar 15 16:34:53 2014
elapsed time: 0 seconds

